<?xml version="1.0" encoding="UTF-8"?>
<!-- Generated by org.testng.reporters.JUnitReportReporter -->
<testsuite skipped="0" hostname="Tagin1" name="my_testng" tests="1" failures="0" timestamp="2020-01-21T16:08:24 IST" time="0.028" errors="0">
  <testcase name="f" time="0.028" classname="my_testng"/>
</testsuite> <!-- my_testng -->
