<?xml version="1.0" encoding="UTF-8"?>
<!-- Generated by org.testng.reporters.JUnitReportReporter -->
<testsuite skipped="1" hostname="Tagin1" name="test_fb.datapro" tests="1" failures="0" timestamp="2020-01-30T22:28:27 IST" time="0.000" errors="0">
  <testcase name="userLogin" time="0.000" classname="test_fb.datapro">
    <skipped/>
  </testcase> <!-- userLogin -->
</testsuite> <!-- test_fb.datapro -->
